<?xml version="1.0" encoding="UTF-8"?>
<!-- Generated by org.testng.reporters.JUnitReportReporter -->
<testsuite hostname="DESKTOP-HBVJJ5B" failures="0" tests="1" name="com.tutorialsNinja.testCases.Login" time="3.719" errors="0" timestamp="2023-12-10T00:29:21 IST" skipped="0">
  <testcase classname="com.tutorialsNinja.testCases.Login" name="setup" time="3.719"/>
  <system-out/>
</testsuite> <!-- com.tutorialsNinja.testCases.Login -->
